gplink-1.5.0 #1285 (Sep 12 2016)
Copyright (c) 1998-2016 gputils project
Listing File Generated: 1-12-2024  16:12:12


Address  Value    Disassembly              Source
-------  -----    -----------              ------
                                           ;--------------------------------------------------------
                                           ; File Created by SDCC : free open source ANSI-C Compiler
                                           ; Version 4.0.0 #11528 (MINGW64)
                                           ;--------------------------------------------------------
                                           ; PIC port for the 14-bit core
                                           ;--------------------------------------------------------
                                           ;	.file	"bingo.c"
                                           	list	p=12f683
                                           	radix dec
                                           	include "p12f683.inc"
                                                   LIST

                                           ;==========================================================================
                                           ; Build date : Oct 21 2015
                                           ;  MPASM PIC12F683 processor include
                                           ; 
                                           ;  (c) Copyright 1999-2015 Microchip Technology, All rights reserved
                                           ;==========================================================================

                                                   NOLIST
                                           ;--------------------------------------------------------
                                           ; external declarations
                                           ;--------------------------------------------------------
                                           	extern	__mulint
                                           	extern	__modsint
                                           	extern	__divsint
                                           	extern	__moduint
                                           	extern	_ANSEL
                                           	extern	_TRISIO
                                           	extern	_GPIO
                                           	extern	_GPIObits
                                           	extern	__sdcc_gsinit_startup
                                           ;--------------------------------------------------------
                                           ; global declarations
                                           ;--------------------------------------------------------
                                           	global	_main
                                           	global	_numeroYaGenerado
                                           	global	_mostrarNumero
                                           	global	_generarNumeroAleatorio
                                           	global	_initPIC
                                           	global	_contador
                                           	global	_contador99
                                           	global	_indiceNumeros
                                           	global	_numerosGenerados

                                           	global PSAVE
                                           	global SSAVE
                                           	global WSAVE
                                           	global STK12
                                           	global STK11
                                           	global STK10
                                           	global STK09
                                           	global STK08
                                           	global STK07
                                           	global STK06
                                           	global STK05
                                           	global STK04
                                           	global STK03
                                           	global STK02
                                           	global STK01
                                           	global STK00

                                           sharebank udata_ovr 0x0070
                                           PSAVE	res 1
                                           SSAVE	res 1
                                           WSAVE	res 1
                                           STK12	res 1
                                           STK11	res 1
                                           STK10	res 1
                                           STK09	res 1
                                           STK08	res 1
                                           STK07	res 1
                                           STK06	res 1
                                           STK05	res 1
                                           STK04	res 1
                                           STK03	res 1
                                           STK02	res 1
                                           STK01	res 1
                                           STK00	res 1

                                           ;--------------------------------------------------------
                                           ; global definitions
                                           ;--------------------------------------------------------
                                           UD_bingo_0	udata
                                           _numerosGenerados	res	20

                                           ;--------------------------------------------------------
                                           ; absolute symbol definitions
                                           ;--------------------------------------------------------
                                           ;--------------------------------------------------------
                                           ; compiler-defined variables
                                           ;--------------------------------------------------------
                                           UDL_bingo_0	udata
                                           r0x101A	res	1
                                           r0x101B	res	1
                                           r0x101D	res	1
                                           r0x101E	res	1
                                           r0x101C	res	1
                                           r0x101F	res	1
                                           r0x1020	res	1
                                           r0x1021	res	1
                                           r0x1022	res	1
                                           r0x1023	res	1
                                           r0x1024	res	1
                                           r0x1025	res	1
                                           r0x1026	res	1
                                           r0x1027	res	1
                                           r0x1028	res	1
                                           r0x1029	res	1
                                           r0x102A	res	1
                                           r0x102B	res	1
                                           ;--------------------------------------------------------
                                           ; initialized data
                                           ;--------------------------------------------------------

                                           IDD_bingo_0	idata
                                           _indiceNumeros
                                           	db	0x00, 0x00	;  0


                                           IDD_bingo_1	idata
                                           _contador99
                                           	db	0x00, 0x00	;  0


                                           IDD_bingo_2	idata
                                           _contador
                                           	db	0x00, 0x00	; 0

                                           ;--------------------------------------------------------
                                           ; initialized absolute data
                                           ;--------------------------------------------------------
                                           ;--------------------------------------------------------
                                           ; overlayable items in internal ram 
                                           ;--------------------------------------------------------
                                           ;	udata_ovr
                                           ;--------------------------------------------------------
                                           ; reset vector 
                                           ;--------------------------------------------------------
                                           STARTUP	code 0x0000
000000   0000     nop                      	nop
                                           	pagesel __sdcc_gsinit_startup
000001   28d6     goto    0x00d6           	goto	__sdcc_gsinit_startup
                                           ;--------------------------------------------------------
                                           ; code
                                           ;--------------------------------------------------------
                                           code_bingo	code
                                           ;***
                                           ;  pBlock Stats: dbName = M
                                           ;***
                                           ;has an exit
                                           ;functions called:
                                           ;   _initPIC
                                           ;   _generarNumeroAleatorio
                                           ;   _numeroYaGenerado
                                           ;   __mulint
                                           ;   _mostrarNumero
                                           ;   _initPIC
                                           ;   _generarNumeroAleatorio
                                           ;   _numeroYaGenerado
                                           ;   __mulint
                                           ;   _mostrarNumero
                                           ;11 compiler assigned registers:
                                           ;   r0x1024
                                           ;   r0x1025
                                           ;   r0x1026
                                           ;   r0x1027
                                           ;   r0x1028
                                           ;   r0x1029
                                           ;   STK00
                                           ;   STK02
                                           ;   STK01
                                           ;   r0x102A
                                           ;   r0x102B
                                           ;; Starting pCode block
                                           S_bingo__main	code
                                           _main:
                                           ; 2 exit points
                                           ;	.line	56; "bingo.c"	initPIC(); // Inicializar el PIC
                                           	PAGESEL	_initPIC
000002   2446     call    0x0446           	CALL	_initPIC
                                           	PAGESEL	$
                                           ;	.line	59; "bingo.c"	for (int i = 0; i < 10; i++) {
000003   1283     bcf     0x03, 0x5        	BANKSEL	r0x1024
000004   01aa     clrf    0x2a             	CLRF	r0x1024
000005   01ab     clrf    0x2b             	CLRF	r0x1025
000006   01ac     clrf    0x2c             	CLRF	r0x1026
000007   01ad     clrf    0x2d             	CLRF	r0x1027
                                           ;;signed compare: left < lit(0xA=10), size=2, mask=ffff
                                           _00159_DS_:
000008   1283     bcf     0x03, 0x5        	BANKSEL	r0x1025
000009   082b     movf    0x2b, 0x0        	MOVF	r0x1025,W
00000a   3e80     addlw   0x80             	ADDLW	0x80
00000b   3e80     addlw   0x80             	ADDLW	0x80
00000c   1d03     btfss   0x03, 0x2        	BTFSS	STATUS,2
00000d   2810     goto    0x0010           	GOTO	_00203_DS_
00000e   300a     movlw   0x0a             	MOVLW	0x0a
00000f   022a     subwf   0x2a, 0x0        	SUBWF	r0x1024,W
                                           _00203_DS_:
000010   1803     btfsc   0x03, 0x0        	BTFSC	STATUS,0
000011   2832     goto    0x0032           	GOTO	_00156_DS_
                                           ;;genSkipc:3307: created from rifx:00000000047A5780
                                           ;	.line	60; "bingo.c"	numerosGenerados[i] = -1; // -1 indica que aún no se ha generado el número
000012   1283     bcf     0x03, 0x5        	BANKSEL	r0x1026
000013   082c     movf    0x2c, 0x0        	MOVF	r0x1026,W
000014   3ea0     addlw   0xa0             	ADDLW	(_numerosGenerados + 0)
000015   00ae     movwf   0x2e             	MOVWF	r0x1028
000016   3000     movlw   0x00             	MOVLW	high (_numerosGenerados + 0)
000017   00af     movwf   0x2f             	MOVWF	r0x1029
000018   082d     movf    0x2d, 0x0        	MOVF	r0x1027,W
000019   1803     btfsc   0x03, 0x0        	BTFSC	STATUS,0
00001a   0f2d     incfsz  0x2d, 0x0        	INCFSZ	r0x1027,W
00001b   07af     addwf   0x2f, 0x1        	ADDWF	r0x1029,F
00001c   082e     movf    0x2e, 0x0        	MOVF	r0x1028,W
00001d   1283     bcf     0x03, 0x5        	BANKSEL	FSR
00001e   0084     movwf   0x04             	MOVWF	FSR
00001f   1383     bcf     0x03, 0x7        	BCF	STATUS,7
000020   1283     bcf     0x03, 0x5        	BANKSEL	r0x1029
000021   182f     btfsc   0x2f, 0x0        	BTFSC	r0x1029,0
000022   1783     bsf     0x03, 0x7        	BSF	STATUS,7
000023   30ff     movlw   0xff             	MOVLW	0xff
000024   1283     bcf     0x03, 0x5        	BANKSEL	INDF
000025   0080     movwf   0x00             	MOVWF	INDF
000026   0a84     incf    0x04, 0x1        	INCF	FSR,F
000027   30ff     movlw   0xff             	MOVLW	0xff
000028   0080     movwf   0x00             	MOVWF	INDF
                                           ;	.line	59; "bingo.c"	for (int i = 0; i < 10; i++) {
000029   3002     movlw   0x02             	MOVLW	0x02
00002a   1283     bcf     0x03, 0x5        	BANKSEL	r0x1026
00002b   07ac     addwf   0x2c, 0x1        	ADDWF	r0x1026,F
00002c   1803     btfsc   0x03, 0x0        	BTFSC	STATUS,0
00002d   0aad     incf    0x2d, 0x1        	INCF	r0x1027,F
00002e   0aaa     incf    0x2a, 0x1        	INCF	r0x1024,F
00002f   1903     btfsc   0x03, 0x2        	BTFSC	STATUS,2
000030   0aab     incf    0x2b, 0x1        	INCF	r0x1025,F
000031   2808     goto    0x0008           	GOTO	_00159_DS_
                                           _00156_DS_:
                                           ;	.line	65; "bingo.c"	if (BOTON == 1) { // Suponiendo que 1 es presionado
000032   1283     bcf     0x03, 0x5        	BANKSEL	r0x1024
000033   01aa     clrf    0x2a             	CLRF	r0x1024
000034   1283     bcf     0x03, 0x5        	BANKSEL	_GPIObits
000035   1e85     btfss   0x05, 0x5        	BTFSS	_GPIObits,5
000036   2839     goto    0x0039           	GOTO	_00001_DS_
000037   1283     bcf     0x03, 0x5        	BANKSEL	r0x1024
000038   0aaa     incf    0x2a, 0x1        	INCF	r0x1024,F
                                           _00001_DS_:
000039   1283     bcf     0x03, 0x5        	BANKSEL	r0x1024
00003a   082a     movf    0x2a, 0x0        	MOVF	r0x1024,W
00003b   3a01     xorlw   0x01             	XORLW	0x01
00003c   1d03     btfss   0x03, 0x2        	BTFSS	STATUS,2
00003d   2832     goto    0x0032           	GOTO	_00156_DS_
                                           ;;signed compare: left < lit(0xA=10), size=2, mask=ffff
                                           ;	.line	68; "bingo.c"	if (indiceNumeros < 10) {
00003e   1283     bcf     0x03, 0x5        	BANKSEL	_indiceNumeros
00003f   0862     movf    0x62, 0x0        	MOVF	(_indiceNumeros + 1),W
000040   3e80     addlw   0x80             	ADDLW	0x80
000041   3e80     addlw   0x80             	ADDLW	0x80
000042   1d03     btfss   0x03, 0x2        	BTFSS	STATUS,2
000043   2846     goto    0x0046           	GOTO	_00204_DS_
000044   300a     movlw   0x0a             	MOVLW	0x0a
000045   0261     subwf   0x61, 0x0        	SUBWF	_indiceNumeros,W
                                           _00204_DS_:
000046   1803     btfsc   0x03, 0x0        	BTFSC	STATUS,0
000047   2887     goto    0x0087           	GOTO	_00151_DS_
                                           ;;genSkipc:3307: created from rifx:00000000047A5780
                                           _00143_DS_:
                                           ;	.line	70; "bingo.c"	numero = generarNumeroAleatorio();
                                           	PAGESEL	_generarNumeroAleatorio
000048   2434     call    0x0434           	CALL	_generarNumeroAleatorio
                                           	PAGESEL	$
000049   1283     bcf     0x03, 0x5        	BANKSEL	r0x1025
00004a   00ab     movwf   0x2b             	MOVWF	r0x1025
00004b   087f     movf    0x7f, 0x0        	MOVF	STK00,W
                                           ;	.line	71; "bingo.c"	} while (numeroYaGenerado(numero)); // Verificar si el número ya fue generado
00004c   00aa     movwf   0x2a             	MOVWF	r0x1024
00004d   00ff     movwf   0x7f             	MOVWF	STK00
00004e   082b     movf    0x2b, 0x0        	MOVF	r0x1025,W
                                           	PAGESEL	_numeroYaGenerado
00004f   230a     call    0x030a           	CALL	_numeroYaGenerado
                                           	PAGESEL	$
000050   1283     bcf     0x03, 0x5        	BANKSEL	r0x1027
000051   00ad     movwf   0x2d             	MOVWF	r0x1027
000052   087f     movf    0x7f, 0x0        	MOVF	STK00,W
000053   00ac     movwf   0x2c             	MOVWF	r0x1026
000054   042d     iorwf   0x2d, 0x0        	IORWF	r0x1027,W
000055   1d03     btfss   0x03, 0x2        	BTFSS	STATUS,2
000056   2848     goto    0x0048           	GOTO	_00143_DS_
                                           ;	.line	73; "bingo.c"	numerosGenerados[indiceNumeros++] = numero;
000057   1283     bcf     0x03, 0x5        	BANKSEL	_indiceNumeros
000058   0861     movf    0x61, 0x0        	MOVF	_indiceNumeros,W
000059   1283     bcf     0x03, 0x5        	BANKSEL	r0x1026
00005a   00ac     movwf   0x2c             	MOVWF	r0x1026
00005b   1283     bcf     0x03, 0x5        	BANKSEL	_indiceNumeros
00005c   0862     movf    0x62, 0x0        	MOVF	(_indiceNumeros + 1),W
00005d   1283     bcf     0x03, 0x5        	BANKSEL	r0x1027
00005e   00ad     movwf   0x2d             	MOVWF	r0x1027
00005f   1283     bcf     0x03, 0x5        	BANKSEL	_indiceNumeros
000060   0ae1     incf    0x61, 0x1        	INCF	_indiceNumeros,F
000061   1903     btfsc   0x03, 0x2        	BTFSC	STATUS,2
000062   0ae2     incf    0x62, 0x1        	INCF	(_indiceNumeros + 1),F
000063   1283     bcf     0x03, 0x5        	BANKSEL	r0x1026
000064   082c     movf    0x2c, 0x0        	MOVF	r0x1026,W
000065   00fd     movwf   0x7d             	MOVWF	STK02
000066   082d     movf    0x2d, 0x0        	MOVF	r0x1027,W
000067   00fe     movwf   0x7e             	MOVWF	STK01
000068   3002     movlw   0x02             	MOVLW	0x02
000069   00ff     movwf   0x7f             	MOVWF	STK00
00006a   3000     movlw   0x00             	MOVLW	0x00
                                           	PAGESEL	__mulint
00006b   2172     call    0x0172           	CALL	__mulint
                                           	PAGESEL	$
00006c   1283     bcf     0x03, 0x5        	BANKSEL	r0x1027
00006d   00ad     movwf   0x2d             	MOVWF	r0x1027
00006e   087f     movf    0x7f, 0x0        	MOVF	STK00,W
00006f   00ac     movwf   0x2c             	MOVWF	r0x1026
000070   3ea0     addlw   0xa0             	ADDLW	(_numerosGenerados + 0)
000071   00ac     movwf   0x2c             	MOVWF	r0x1026
000072   082d     movf    0x2d, 0x0        	MOVF	r0x1027,W
000073   1803     btfsc   0x03, 0x0        	BTFSC	STATUS,0
000074   0f2d     incfsz  0x2d, 0x0        	INCFSZ	r0x1027,W
000075   3e00     addlw   0x00             	ADDLW	high (_numerosGenerados + 0)
000076   00ad     movwf   0x2d             	MOVWF	r0x1027
000077   082c     movf    0x2c, 0x0        	MOVF	r0x1026,W
000078   1283     bcf     0x03, 0x5        	BANKSEL	FSR
000079   0084     movwf   0x04             	MOVWF	FSR
00007a   1383     bcf     0x03, 0x7        	BCF	STATUS,7
00007b   1283     bcf     0x03, 0x5        	BANKSEL	r0x1027
00007c   182d     btfsc   0x2d, 0x0        	BTFSC	r0x1027,0
00007d   1783     bsf     0x03, 0x7        	BSF	STATUS,7
00007e   082a     movf    0x2a, 0x0        	MOVF	r0x1024,W
00007f   1283     bcf     0x03, 0x5        	BANKSEL	INDF
000080   0080     movwf   0x00             	MOVWF	INDF
000081   0a84     incf    0x04, 0x1        	INCF	FSR,F
000082   1283     bcf     0x03, 0x5        	BANKSEL	r0x1025
000083   082b     movf    0x2b, 0x0        	MOVF	r0x1025,W
000084   1283     bcf     0x03, 0x5        	BANKSEL	INDF
000085   0080     movwf   0x00             	MOVWF	INDF
000086   28cf     goto    0x00cf           	GOTO	_00152_DS_
                                           ;;signed compare: left < lit(0x3=3), size=2, mask=ffff
                                           _00151_DS_:
                                           ;	.line	74; "bingo.c"	} else if (contador99 < 3) {
000087   1283     bcf     0x03, 0x5        	BANKSEL	_contador99
000088   0864     movf    0x64, 0x0        	MOVF	(_contador99 + 1),W
000089   3e80     addlw   0x80             	ADDLW	0x80
00008a   3e80     addlw   0x80             	ADDLW	0x80
00008b   1d03     btfss   0x03, 0x2        	BTFSS	STATUS,2
00008c   288f     goto    0x008f           	GOTO	_00205_DS_
00008d   3003     movlw   0x03             	MOVLW	0x03
00008e   0263     subwf   0x63, 0x0        	SUBWF	_contador99,W
                                           _00205_DS_:
00008f   1803     btfsc   0x03, 0x0        	BTFSC	STATUS,0
000090   289a     goto    0x009a           	GOTO	_00148_DS_
                                           ;;genSkipc:3307: created from rifx:00000000047A5780
                                           ;	.line	75; "bingo.c"	numero = 99;
000091   3063     movlw   0x63             	MOVLW	0x63
000092   1283     bcf     0x03, 0x5        	BANKSEL	r0x1024
000093   00aa     movwf   0x2a             	MOVWF	r0x1024
000094   01ab     clrf    0x2b             	CLRF	r0x1025
                                           ;	.line	76; "bingo.c"	contador99++;
000095   1283     bcf     0x03, 0x5        	BANKSEL	_contador99
000096   0ae3     incf    0x63, 0x1        	INCF	_contador99,F
000097   1903     btfsc   0x03, 0x2        	BTFSC	STATUS,2
000098   0ae4     incf    0x64, 0x1        	INCF	(_contador99 + 1),F
000099   28cf     goto    0x00cf           	GOTO	_00152_DS_
                                           _00148_DS_:
                                           ;	.line	79; "bingo.c"	indiceNumeros = 0;
00009a   1283     bcf     0x03, 0x5        	BANKSEL	_indiceNumeros
00009b   01e1     clrf    0x61             	CLRF	_indiceNumeros
00009c   01e2     clrf    0x62             	CLRF	(_indiceNumeros + 1)
                                           ;	.line	80; "bingo.c"	contador99 = 0;
00009d   1283     bcf     0x03, 0x5        	BANKSEL	_contador99
00009e   01e3     clrf    0x63             	CLRF	_contador99
00009f   01e4     clrf    0x64             	CLRF	(_contador99 + 1)
                                           ;	.line	81; "bingo.c"	for (int i = 0; i < 10; i++) {
0000a0   1283     bcf     0x03, 0x5        	BANKSEL	r0x1026
0000a1   01ac     clrf    0x2c             	CLRF	r0x1026
0000a2   01ad     clrf    0x2d             	CLRF	r0x1027
0000a3   01ae     clrf    0x2e             	CLRF	r0x1028
0000a4   01af     clrf    0x2f             	CLRF	r0x1029
                                           ;;signed compare: left < lit(0xA=10), size=2, mask=ffff
                                           _00162_DS_:
0000a5   1283     bcf     0x03, 0x5        	BANKSEL	r0x1027
0000a6   082d     movf    0x2d, 0x0        	MOVF	r0x1027,W
0000a7   3e80     addlw   0x80             	ADDLW	0x80
0000a8   3e80     addlw   0x80             	ADDLW	0x80
0000a9   1d03     btfss   0x03, 0x2        	BTFSS	STATUS,2
0000aa   28ad     goto    0x00ad           	GOTO	_00206_DS_
0000ab   300a     movlw   0x0a             	MOVLW	0x0a
0000ac   022c     subwf   0x2c, 0x0        	SUBWF	r0x1026,W
                                           _00206_DS_:
0000ad   1803     btfsc   0x03, 0x0        	BTFSC	STATUS,0
0000ae   2832     goto    0x0032           	GOTO	_00156_DS_
                                           ;;genSkipc:3307: created from rifx:00000000047A5780
                                           ;	.line	82; "bingo.c"	numerosGenerados[i] = -1;
0000af   1283     bcf     0x03, 0x5        	BANKSEL	r0x1028
0000b0   082e     movf    0x2e, 0x0        	MOVF	r0x1028,W
0000b1   3ea0     addlw   0xa0             	ADDLW	(_numerosGenerados + 0)
0000b2   00b0     movwf   0x30             	MOVWF	r0x102A
0000b3   3000     movlw   0x00             	MOVLW	high (_numerosGenerados + 0)
0000b4   00b1     movwf   0x31             	MOVWF	r0x102B
0000b5   082f     movf    0x2f, 0x0        	MOVF	r0x1029,W
0000b6   1803     btfsc   0x03, 0x0        	BTFSC	STATUS,0
0000b7   0f2f     incfsz  0x2f, 0x0        	INCFSZ	r0x1029,W
0000b8   07b1     addwf   0x31, 0x1        	ADDWF	r0x102B,F
0000b9   0830     movf    0x30, 0x0        	MOVF	r0x102A,W
0000ba   1283     bcf     0x03, 0x5        	BANKSEL	FSR
0000bb   0084     movwf   0x04             	MOVWF	FSR
0000bc   1383     bcf     0x03, 0x7        	BCF	STATUS,7
0000bd   1283     bcf     0x03, 0x5        	BANKSEL	r0x102B
0000be   1831     btfsc   0x31, 0x0        	BTFSC	r0x102B,0
0000bf   1783     bsf     0x03, 0x7        	BSF	STATUS,7
0000c0   30ff     movlw   0xff             	MOVLW	0xff
0000c1   1283     bcf     0x03, 0x5        	BANKSEL	INDF
0000c2   0080     movwf   0x00             	MOVWF	INDF
0000c3   0a84     incf    0x04, 0x1        	INCF	FSR,F
0000c4   30ff     movlw   0xff             	MOVLW	0xff
0000c5   0080     movwf   0x00             	MOVWF	INDF
                                           ;	.line	81; "bingo.c"	for (int i = 0; i < 10; i++) {
0000c6   3002     movlw   0x02             	MOVLW	0x02
0000c7   1283     bcf     0x03, 0x5        	BANKSEL	r0x1028
0000c8   07ae     addwf   0x2e, 0x1        	ADDWF	r0x1028,F
0000c9   1803     btfsc   0x03, 0x0        	BTFSC	STATUS,0
0000ca   0aaf     incf    0x2f, 0x1        	INCF	r0x1029,F
0000cb   0aac     incf    0x2c, 0x1        	INCF	r0x1026,F
0000cc   1903     btfsc   0x03, 0x2        	BTFSC	STATUS,2
0000cd   0aad     incf    0x2d, 0x1        	INCF	r0x1027,F
0000ce   28a5     goto    0x00a5           	GOTO	_00162_DS_
                                           _00152_DS_:
                                           ;	.line	87; "bingo.c"	mostrarNumero(numero);
0000cf   1283     bcf     0x03, 0x5        	BANKSEL	r0x1024
0000d0   082a     movf    0x2a, 0x0        	MOVF	r0x1024,W
0000d1   00ff     movwf   0x7f             	MOVWF	STK00
0000d2   082b     movf    0x2b, 0x0        	MOVF	r0x1025,W
                                           	PAGESEL	_mostrarNumero
0000d3   23bd     call    0x03bd           	CALL	_mostrarNumero
                                           	PAGESEL	$
0000d4   2832     goto    0x0032           	GOTO	_00156_DS_
                                           ;	.line	91; "bingo.c"	}
0000d5   0008     return                   	RETURN	
                                           ; exit point of _main

                                           ;***
                                           ;  pBlock Stats: dbName = C
                                           ;***
                                           ;has an exit
                                           ;11 compiler assigned registers:
                                           ;   r0x101A
                                           ;   STK00
                                           ;   r0x101B
                                           ;   r0x101C
                                           ;   r0x101D
                                           ;   r0x101E
                                           ;   r0x101F
                                           ;   r0x1020
                                           ;   r0x1021
                                           ;   r0x1022
                                           ;   r0x1023
                                           ;; Starting pCode block
                                           S_bingo__numeroYaGenerado	code
                                           _numeroYaGenerado:
                                           ; 2 exit points
                                           ;	.line	43; "bingo.c"	int numeroYaGenerado(int numero) {
00030a   1283     bcf     0x03, 0x5        	BANKSEL	r0x101A
00030b   00a0     movwf   0x20             	MOVWF	r0x101A
00030c   087f     movf    0x7f, 0x0        	MOVF	STK00,W
00030d   00a1     movwf   0x21             	MOVWF	r0x101B
                                           ;	.line	44; "bingo.c"	for (int i = 0; i < 10; i++) {
00030e   01a4     clrf    0x24             	CLRF	r0x101C
00030f   01a2     clrf    0x22             	CLRF	r0x101D
000310   01a3     clrf    0x23             	CLRF	r0x101E
000311   01a5     clrf    0x25             	CLRF	r0x101F
                                           ;;signed compare: left < lit(0xA=10), size=2, mask=ffff
                                           _00121_DS_:
000312   1283     bcf     0x03, 0x5        	BANKSEL	r0x101D
000313   0822     movf    0x22, 0x0        	MOVF	r0x101D,W
000314   3e80     addlw   0x80             	ADDLW	0x80
000315   3e80     addlw   0x80             	ADDLW	0x80
000316   1d03     btfss   0x03, 0x2        	BTFSS	STATUS,2
000317   2b1a     goto    0x031a           	GOTO	_00137_DS_
000318   300a     movlw   0x0a             	MOVLW	0x0a
000319   0224     subwf   0x24, 0x0        	SUBWF	r0x101C,W
                                           _00137_DS_:
00031a   1803     btfsc   0x03, 0x0        	BTFSC	STATUS,0
00031b   2b4b     goto    0x034b           	GOTO	_00119_DS_
                                           ;;genSkipc:3307: created from rifx:00000000047A5780
                                           ;	.line	45; "bingo.c"	if (numerosGenerados[i] == numero) {
00031c   1283     bcf     0x03, 0x5        	BANKSEL	r0x101E
00031d   0823     movf    0x23, 0x0        	MOVF	r0x101E,W
00031e   3ea0     addlw   0xa0             	ADDLW	(_numerosGenerados + 0)
00031f   00a6     movwf   0x26             	MOVWF	r0x1020
000320   3000     movlw   0x00             	MOVLW	high (_numerosGenerados + 0)
000321   00a7     movwf   0x27             	MOVWF	r0x1021
000322   0825     movf    0x25, 0x0        	MOVF	r0x101F,W
000323   1803     btfsc   0x03, 0x0        	BTFSC	STATUS,0
000324   0f25     incfsz  0x25, 0x0        	INCFSZ	r0x101F,W
000325   07a7     addwf   0x27, 0x1        	ADDWF	r0x1021,F
000326   0826     movf    0x26, 0x0        	MOVF	r0x1020,W
000327   1283     bcf     0x03, 0x5        	BANKSEL	FSR
000328   0084     movwf   0x04             	MOVWF	FSR
000329   1383     bcf     0x03, 0x7        	BCF	STATUS,7
00032a   1283     bcf     0x03, 0x5        	BANKSEL	r0x1021
00032b   1827     btfsc   0x27, 0x0        	BTFSC	r0x1021,0
00032c   1783     bsf     0x03, 0x7        	BSF	STATUS,7
00032d   1283     bcf     0x03, 0x5        	BANKSEL	INDF
00032e   0800     movf    0x00, 0x0        	MOVF	INDF,W
00032f   1283     bcf     0x03, 0x5        	BANKSEL	r0x1022
000330   00a8     movwf   0x28             	MOVWF	r0x1022
000331   1283     bcf     0x03, 0x5        	BANKSEL	FSR
000332   0a84     incf    0x04, 0x1        	INCF	FSR,F
000333   0800     movf    0x00, 0x0        	MOVF	INDF,W
000334   1283     bcf     0x03, 0x5        	BANKSEL	r0x1023
000335   00a9     movwf   0x29             	MOVWF	r0x1023
000336   0821     movf    0x21, 0x0        	MOVF	r0x101B,W
000337   0628     xorwf   0x28, 0x0        	XORWF	r0x1022,W
000338   1d03     btfss   0x03, 0x2        	BTFSS	STATUS,2
000339   2b42     goto    0x0342           	GOTO	_00122_DS_
00033a   0820     movf    0x20, 0x0        	MOVF	r0x101A,W
00033b   0629     xorwf   0x29, 0x0        	XORWF	r0x1023,W
00033c   1d03     btfss   0x03, 0x2        	BTFSS	STATUS,2
00033d   2b42     goto    0x0342           	GOTO	_00122_DS_
                                           ;	.line	46; "bingo.c"	return 1; // Número ya fue generado
00033e   3001     movlw   0x01             	MOVLW	0x01
00033f   00ff     movwf   0x7f             	MOVWF	STK00
000340   3000     movlw   0x00             	MOVLW	0x00
000341   2b4e     goto    0x034e           	GOTO	_00123_DS_
                                           _00122_DS_:
                                           ;	.line	44; "bingo.c"	for (int i = 0; i < 10; i++) {
000342   3002     movlw   0x02             	MOVLW	0x02
000343   1283     bcf     0x03, 0x5        	BANKSEL	r0x101E
000344   07a3     addwf   0x23, 0x1        	ADDWF	r0x101E,F
000345   1803     btfsc   0x03, 0x0        	BTFSC	STATUS,0
000346   0aa5     incf    0x25, 0x1        	INCF	r0x101F,F
000347   0aa4     incf    0x24, 0x1        	INCF	r0x101C,F
000348   1903     btfsc   0x03, 0x2        	BTFSC	STATUS,2
000349   0aa2     incf    0x22, 0x1        	INCF	r0x101D,F
00034a   2b12     goto    0x0312           	GOTO	_00121_DS_
                                           _00119_DS_:
                                           ;	.line	49; "bingo.c"	return 0; // Número no ha sido generado
00034b   3000     movlw   0x00             	MOVLW	0x00
00034c   00ff     movwf   0x7f             	MOVWF	STK00
00034d   3000     movlw   0x00             	MOVLW	0x00
                                           _00123_DS_:
                                           ;	.line	50; "bingo.c"	}
00034e   0008     return                   	RETURN	
                                           ; exit point of _numeroYaGenerado

                                           ;***
                                           ;  pBlock Stats: dbName = C
                                           ;***
                                           ;has an exit
                                           ;functions called:
                                           ;   __divsint
                                           ;   __modsint
                                           ;   __divsint
                                           ;   __modsint
                                           ;8 compiler assigned registers:
                                           ;   r0x101A
                                           ;   STK00
                                           ;   r0x101B
                                           ;   STK02
                                           ;   STK01
                                           ;   r0x101C
                                           ;   r0x101D
                                           ;   r0x101E
                                           ;; Starting pCode block
                                           S_bingo__mostrarNumero	code
                                           _mostrarNumero:
                                           ; 2 exit points
                                           ;	.line	33; "bingo.c"	void mostrarNumero(int numero) {
0003bd   1283     bcf     0x03, 0x5        	BANKSEL	r0x101A
0003be   00a0     movwf   0x20             	MOVWF	r0x101A
0003bf   087f     movf    0x7f, 0x0        	MOVF	STK00,W
0003c0   00a1     movwf   0x21             	MOVWF	r0x101B
                                           ;	.line	34; "bingo.c"	int decenas = numero / 10; // Extraer las decenas
0003c1   300a     movlw   0x0a             	MOVLW	0x0a
0003c2   00fd     movwf   0x7d             	MOVWF	STK02
0003c3   3000     movlw   0x00             	MOVLW	0x00
0003c4   00fe     movwf   0x7e             	MOVWF	STK01
0003c5   0821     movf    0x21, 0x0        	MOVF	r0x101B,W
0003c6   00ff     movwf   0x7f             	MOVWF	STK00
0003c7   0820     movf    0x20, 0x0        	MOVF	r0x101A,W
                                           	PAGESEL	__divsint
0003c8   21f6     call    0x01f6           	CALL	__divsint
                                           	PAGESEL	$
                                           ;;1	MOVWF	r0x101C
0003c9   087f     movf    0x7f, 0x0        	MOVF	STK00,W
0003ca   1283     bcf     0x03, 0x5        	BANKSEL	r0x101D
0003cb   00a2     movwf   0x22             	MOVWF	r0x101D
                                           ;	.line	35; "bingo.c"	int unidades = numero % 10; // Extraer las unidades
0003cc   300a     movlw   0x0a             	MOVLW	0x0a
0003cd   00fd     movwf   0x7d             	MOVWF	STK02
0003ce   3000     movlw   0x00             	MOVLW	0x00
0003cf   00fe     movwf   0x7e             	MOVWF	STK01
0003d0   0821     movf    0x21, 0x0        	MOVF	r0x101B,W
0003d1   00ff     movwf   0x7f             	MOVWF	STK00
0003d2   0820     movf    0x20, 0x0        	MOVF	r0x101A,W
                                           	PAGESEL	__modsint
0003d3   225c     call    0x025c           	CALL	__modsint
                                           	PAGESEL	$
0003d4   1283     bcf     0x03, 0x5        	BANKSEL	r0x101A
0003d5   00a0     movwf   0x20             	MOVWF	r0x101A
0003d6   087f     movf    0x7f, 0x0        	MOVF	STK00,W
                                           ;	.line	38; "bingo.c"	GP0 = unidades; // Enviar unidades al primer display
0003d7   00a1     movwf   0x21             	MOVWF	r0x101B
0003d8   00a3     movwf   0x23             	MOVWF	r0x101E
0003d9   0c23     rrf     0x23, 0x0        	RRF	r0x101E,W
0003da   1803     btfsc   0x03, 0x0        	BTFSC	STATUS,0
0003db   2bde     goto    0x03de           	GOTO	_00002_DS_
0003dc   1283     bcf     0x03, 0x5        	BANKSEL	_GPIObits
0003dd   1005     bcf     0x05, 0x0        	BCF	_GPIObits,0
                                           _00002_DS_:
0003de   1c03     btfss   0x03, 0x0        	BTFSS	STATUS,0
0003df   2be2     goto    0x03e2           	GOTO	_00003_DS_
0003e0   1283     bcf     0x03, 0x5        	BANKSEL	_GPIObits
0003e1   1405     bsf     0x05, 0x0        	BSF	_GPIObits,0
                                           _00003_DS_:
                                           ;	.line	39; "bingo.c"	GP1 = decenas;  // Enviar decenas al segundo display
0003e2   1283     bcf     0x03, 0x5        	BANKSEL	r0x101D
0003e3   0822     movf    0x22, 0x0        	MOVF	r0x101D,W
0003e4   00a1     movwf   0x21             	MOVWF	r0x101B
0003e5   0c21     rrf     0x21, 0x0        	RRF	r0x101B,W
0003e6   1803     btfsc   0x03, 0x0        	BTFSC	STATUS,0
0003e7   2bea     goto    0x03ea           	GOTO	_00004_DS_
0003e8   1283     bcf     0x03, 0x5        	BANKSEL	_GPIObits
0003e9   1085     bcf     0x05, 0x1        	BCF	_GPIObits,1
                                           _00004_DS_:
0003ea   1c03     btfss   0x03, 0x0        	BTFSS	STATUS,0
0003eb   2bee     goto    0x03ee           	GOTO	_00005_DS_
0003ec   1283     bcf     0x03, 0x5        	BANKSEL	_GPIObits
0003ed   1485     bsf     0x05, 0x1        	BSF	_GPIObits,1
                                           _00005_DS_:
                                           ;	.line	40; "bingo.c"	}
0003ee   0008     return                   	RETURN	
                                           ; exit point of _mostrarNumero

                                           ;***
                                           ;  pBlock Stats: dbName = C
                                           ;***
                                           ;has an exit
                                           ;functions called:
                                           ;   __moduint
                                           ;   __moduint
                                           ;5 compiler assigned registers:
                                           ;   STK02
                                           ;   STK01
                                           ;   STK00
                                           ;   r0x101A
                                           ;   r0x101B
                                           ;; Starting pCode block
                                           S_bingo__generarNumeroAleatorio	code
                                           _generarNumeroAleatorio:
                                           ; 2 exit points
                                           ;	.line	28; "bingo.c"	contador++;  // Incrementar el contador
000434   1283     bcf     0x03, 0x5        	BANKSEL	_contador
000435   0ae5     incf    0x65, 0x1        	INCF	_contador,F
000436   1903     btfsc   0x03, 0x2        	BTFSC	STATUS,2
000437   0ae6     incf    0x66, 0x1        	INCF	(_contador + 1),F
                                           ;	.line	29; "bingo.c"	return (contador % 100);  // Retornar un número entre 0 y 99
000438   3064     movlw   0x64             	MOVLW	0x64
000439   00fd     movwf   0x7d             	MOVWF	STK02
00043a   3000     movlw   0x00             	MOVLW	0x00
00043b   00fe     movwf   0x7e             	MOVWF	STK01
00043c   0865     movf    0x65, 0x0        	MOVF	_contador,W
00043d   00ff     movwf   0x7f             	MOVWF	STK00
00043e   0866     movf    0x66, 0x0        	MOVF	(_contador + 1),W
                                           	PAGESEL	__moduint
00043f   22bd     call    0x02bd           	CALL	__moduint
                                           	PAGESEL	$
000440   1283     bcf     0x03, 0x5        	BANKSEL	r0x101A
000441   00a0     movwf   0x20             	MOVWF	r0x101A
000442   087f     movf    0x7f, 0x0        	MOVF	STK00,W
                                           ;;1	MOVWF	r0x101B
000443   00ff     movwf   0x7f             	MOVWF	STK00
000444   0820     movf    0x20, 0x0        	MOVF	r0x101A,W
                                           ;	.line	30; "bingo.c"	}
000445   0008     return                   	RETURN	
                                           ; exit point of _generarNumeroAleatorio

                                           ;***
                                           ;  pBlock Stats: dbName = C
                                           ;***
                                           ;has an exit
                                           ;; Starting pCode block
                                           S_bingo__initPIC	code
                                           _initPIC:
                                           ; 2 exit points
                                           ;	.line	18; "bingo.c"	ANSEL = 0x00; // Todos los pines como digitales
000446   1683     bsf     0x03, 0x5        	BANKSEL	_ANSEL
000447   019f     clrf    0x1f             	CLRF	_ANSEL
                                           ;	.line	19; "bingo.c"	TRISIO = 0x20; // GP5 como entrada, otros como salida
000448   3020     movlw   0x20             	MOVLW	0x20
000449   0085     movwf   0x05             	MOVWF	_TRISIO
                                           ;	.line	20; "bingo.c"	GPIO = 0x00; // Todos los pines en bajo
00044a   1283     bcf     0x03, 0x5        	BANKSEL	_GPIO
00044b   0185     clrf    0x05             	CLRF	_GPIO
                                           ;	.line	23; "bingo.c"	}
00044c   0008     return                   	RETURN	
                                           ; exit point of _initPIC


                                           ;	code size estimation:
                                           ;	  295+   77 =   372 instructions (  898 byte)

                                           	end
