gplink-1.5.0 #1285 (Sep 12 2016)
Copyright (c) 1998-2016 gputils project
Listing File Generated: 1-12-2024  20:42:27


Address  Value    Disassembly              Source
-------  -----    -----------              ------
                                           ;--------------------------------------------------------
                                           ; File Created by SDCC : free open source ANSI-C Compiler
                                           ; Version 4.0.0 #11528 (MINGW64)
                                           ;--------------------------------------------------------
                                           ; PIC port for the 14-bit core
                                           ;--------------------------------------------------------
                                           ;	.file	"bingo.c"
                                           	list	p=12f683
                                           	radix dec
                                           	include "p12f683.inc"
                                                   LIST

                                           ;==========================================================================
                                           ; Build date : Oct 21 2015
                                           ;  MPASM PIC12F683 processor include
                                           ; 
                                           ;  (c) Copyright 1999-2015 Microchip Technology, All rights reserved
                                           ;==========================================================================

                                                   NOLIST
                                           ;--------------------------------------------------------
                                           ; external declarations
                                           ;--------------------------------------------------------
                                           	extern	__moduint
                                           	extern	__mulint
                                           	extern	_ANSEL
                                           	extern	_TRISIO
                                           	extern	_GPIO
                                           	extern	_GPIObits
                                           	extern	__sdcc_gsinit_startup
                                           ;--------------------------------------------------------
                                           ; global declarations
                                           ;--------------------------------------------------------
                                           	global	_main
                                           	global	_parpadearNumero9
                                           	global	_generarYMostrarNumeros
                                           	global	_reiniciarNumerosGenerados
                                           	global	_delay_ms
                                           	global	_numeroYaGenerado
                                           	global	_mostrarNumeroBCD
                                           	global	_generarNumeroAleatorio
                                           	global	_initPIC
                                           	global	_seed
                                           	global	_contador9
                                           	global	_contador
                                           	global	_indiceNumeros
                                           	global	_numerosGenerados

                                           	global PSAVE
                                           	global SSAVE
                                           	global WSAVE
                                           	global STK12
                                           	global STK11
                                           	global STK10
                                           	global STK09
                                           	global STK08
                                           	global STK07
                                           	global STK06
                                           	global STK05
                                           	global STK04
                                           	global STK03
                                           	global STK02
                                           	global STK01
                                           	global STK00

                                           sharebank udata_ovr 0x0070
                                           PSAVE	res 1
                                           SSAVE	res 1
                                           WSAVE	res 1
                                           STK12	res 1
                                           STK11	res 1
                                           STK10	res 1
                                           STK09	res 1
                                           STK08	res 1
                                           STK07	res 1
                                           STK06	res 1
                                           STK05	res 1
                                           STK04	res 1
                                           STK03	res 1
                                           STK02	res 1
                                           STK01	res 1
                                           STK00	res 1

                                           ;--------------------------------------------------------
                                           ; global definitions
                                           ;--------------------------------------------------------
                                           UD_bingo_0	udata
                                           _numerosGenerados	res	20

                                           ;--------------------------------------------------------
                                           ; absolute symbol definitions
                                           ;--------------------------------------------------------
                                           ;--------------------------------------------------------
                                           ; compiler-defined variables
                                           ;--------------------------------------------------------
                                           UDL_bingo_0	udata
                                           r0x101B	res	1
                                           r0x101A	res	1
                                           r0x101C	res	1
                                           r0x101D	res	1
                                           r0x101E	res	1
                                           r0x101F	res	1
                                           r0x1020	res	1
                                           r0x1021	res	1
                                           r0x1022	res	1
                                           r0x1023	res	1
                                           r0x1029	res	1
                                           r0x1028	res	1
                                           r0x102B	res	1
                                           r0x102A	res	1
                                           r0x1024	res	1
                                           r0x1025	res	1
                                           r0x1027	res	1
                                           r0x1026	res	1
                                           ;--------------------------------------------------------
                                           ; initialized data
                                           ;--------------------------------------------------------

                                           IDD_bingo_0	idata
                                           _indiceNumeros
                                           	db	0x00, 0x00	;  0


                                           IDD_bingo_1	idata
                                           _contador
                                           	db	0x00, 0x00	; 0


                                           IDD_bingo_2	idata
                                           _contador9
                                           	db	0x00, 0x00	;  0


                                           IDD_bingo_3	idata
                                           _seed
                                           	db	0x00, 0x00	; 0

                                           ;--------------------------------------------------------
                                           ; initialized absolute data
                                           ;--------------------------------------------------------
                                           ;--------------------------------------------------------
                                           ; overlayable items in internal ram 
                                           ;--------------------------------------------------------
                                           ;	udata_ovr
                                           ;--------------------------------------------------------
                                           ; reset vector 
                                           ;--------------------------------------------------------
                                           STARTUP	code 0x0000
000000   0000     nop                      	nop
                                           	pagesel __sdcc_gsinit_startup
000001   2802     goto    0x0002           	goto	__sdcc_gsinit_startup
                                           ;--------------------------------------------------------
                                           ; code
                                           ;--------------------------------------------------------
                                           code_bingo	code
                                           ;***
                                           ;  pBlock Stats: dbName = M
                                           ;***
                                           ;has an exit
                                           ;functions called:
                                           ;   _initPIC
                                           ;   _reiniciarNumerosGenerados
                                           ;   _generarNumeroAleatorio
                                           ;   _numeroYaGenerado
                                           ;   __mulint
                                           ;   _mostrarNumeroBCD
                                           ;   _delay_ms
                                           ;   _parpadearNumero9
                                           ;   _delay_ms
                                           ;   _reiniciarNumerosGenerados
                                           ;   _initPIC
                                           ;   _reiniciarNumerosGenerados
                                           ;   _generarNumeroAleatorio
                                           ;   _numeroYaGenerado
                                           ;   __mulint
                                           ;   _mostrarNumeroBCD
                                           ;   _delay_ms
                                           ;   _parpadearNumero9
                                           ;   _delay_ms
                                           ;   _reiniciarNumerosGenerados
                                           ;7 compiler assigned registers:
                                           ;   r0x1024
                                           ;   r0x1025
                                           ;   STK00
                                           ;   r0x1026
                                           ;   r0x1027
                                           ;   STK02
                                           ;   STK01
                                           ;; Starting pCode block
                                           S_bingo__main	code
                                           _main:
                                           ; 2 exit points
                                           ;	.line	89; "bingo.c"	initPIC();
                                           	PAGESEL	_initPIC
00009e   23f5     call    0x03f5           	CALL	_initPIC
                                           	PAGESEL	$
                                           ;	.line	90; "bingo.c"	reiniciarNumerosGenerados();
                                           	PAGESEL	_reiniciarNumerosGenerados
00009f   22e3     call    0x02e3           	CALL	_reiniciarNumerosGenerados
                                           	PAGESEL	$
                                           _00243_DS_:
                                           ;	.line	93; "bingo.c"	if (BOTON == 1) { // Verificar si el botón es presionado
0000a0   1283     bcf     0x03, 0x5        	BANKSEL	r0x1024
0000a1   01ae     clrf    0x2e             	CLRF	r0x1024
0000a2   1283     bcf     0x03, 0x5        	BANKSEL	_GPIObits
0000a3   1e85     btfss   0x05, 0x5        	BTFSS	_GPIObits,5
0000a4   28a7     goto    0x00a7           	GOTO	_00001_DS_
0000a5   1283     bcf     0x03, 0x5        	BANKSEL	r0x1024
0000a6   0aae     incf    0x2e, 0x1        	INCF	r0x1024,F
                                           _00001_DS_:
0000a7   1283     bcf     0x03, 0x5        	BANKSEL	r0x1024
0000a8   082e     movf    0x2e, 0x0        	MOVF	r0x1024,W
0000a9   3a01     xorlw   0x01             	XORLW	0x01
0000aa   1d03     btfss   0x03, 0x2        	BTFSS	STATUS,2
0000ab   28fd     goto    0x00fd           	GOTO	_00236_DS_
                                           ;;signed compare: left < lit(0xA=10), size=2, mask=ffff
                                           ;	.line	94; "bingo.c"	if (indiceNumeros < 10) {
0000ac   1283     bcf     0x03, 0x5        	BANKSEL	_indiceNumeros
0000ad   084b     movf    0x4b, 0x0        	MOVF	(_indiceNumeros + 1),W
0000ae   3e80     addlw   0x80             	ADDLW	0x80
0000af   3e80     addlw   0x80             	ADDLW	0x80
0000b0   1d03     btfss   0x03, 0x2        	BTFSS	STATUS,2
0000b1   28b4     goto    0x00b4           	GOTO	_00275_DS_
0000b2   300a     movlw   0x0a             	MOVLW	0x0a
0000b3   024a     subwf   0x4a, 0x0        	SUBWF	_indiceNumeros,W
                                           _00275_DS_:
0000b4   1803     btfsc   0x03, 0x0        	BTFSC	STATUS,0
0000b5   28fd     goto    0x00fd           	GOTO	_00236_DS_
                                           ;;genSkipc:3307: created from rifx:00000000047A5780
                                           _00230_DS_:
                                           ;	.line	97; "bingo.c"	numero = generarNumeroAleatorio();
                                           	PAGESEL	_generarNumeroAleatorio
0000b6   23a2     call    0x03a2           	CALL	_generarNumeroAleatorio
                                           	PAGESEL	$
0000b7   1283     bcf     0x03, 0x5        	BANKSEL	r0x1025
0000b8   00af     movwf   0x2f             	MOVWF	r0x1025
0000b9   087f     movf    0x7f, 0x0        	MOVF	STK00,W
                                           ;	.line	98; "bingo.c"	} while (numeroYaGenerado(numero));
0000ba   00ae     movwf   0x2e             	MOVWF	r0x1024
0000bb   00ff     movwf   0x7f             	MOVWF	STK00
0000bc   082f     movf    0x2f, 0x0        	MOVF	r0x1025,W
                                           	PAGESEL	_numeroYaGenerado
0000bd   2297     call    0x0297           	CALL	_numeroYaGenerado
                                           	PAGESEL	$
0000be   1283     bcf     0x03, 0x5        	BANKSEL	r0x1026
0000bf   00b1     movwf   0x31             	MOVWF	r0x1026
0000c0   087f     movf    0x7f, 0x0        	MOVF	STK00,W
0000c1   00b0     movwf   0x30             	MOVWF	r0x1027
0000c2   0431     iorwf   0x31, 0x0        	IORWF	r0x1026,W
0000c3   1d03     btfss   0x03, 0x2        	BTFSS	STATUS,2
0000c4   28b6     goto    0x00b6           	GOTO	_00230_DS_
                                           ;	.line	100; "bingo.c"	numerosGenerados[indiceNumeros++] = numero;
0000c5   1283     bcf     0x03, 0x5        	BANKSEL	_indiceNumeros
0000c6   084a     movf    0x4a, 0x0        	MOVF	_indiceNumeros,W
0000c7   1283     bcf     0x03, 0x5        	BANKSEL	r0x1027
0000c8   00b0     movwf   0x30             	MOVWF	r0x1027
0000c9   1283     bcf     0x03, 0x5        	BANKSEL	_indiceNumeros
0000ca   084b     movf    0x4b, 0x0        	MOVF	(_indiceNumeros + 1),W
0000cb   1283     bcf     0x03, 0x5        	BANKSEL	r0x1026
0000cc   00b1     movwf   0x31             	MOVWF	r0x1026
0000cd   1283     bcf     0x03, 0x5        	BANKSEL	_indiceNumeros
0000ce   0aca     incf    0x4a, 0x1        	INCF	_indiceNumeros,F
0000cf   1903     btfsc   0x03, 0x2        	BTFSC	STATUS,2
0000d0   0acb     incf    0x4b, 0x1        	INCF	(_indiceNumeros + 1),F
0000d1   1283     bcf     0x03, 0x5        	BANKSEL	r0x1027
0000d2   0830     movf    0x30, 0x0        	MOVF	r0x1027,W
0000d3   00fd     movwf   0x7d             	MOVWF	STK02
0000d4   0831     movf    0x31, 0x0        	MOVF	r0x1026,W
0000d5   00fe     movwf   0x7e             	MOVWF	STK01
0000d6   3002     movlw   0x02             	MOVLW	0x02
0000d7   00ff     movwf   0x7f             	MOVWF	STK00
0000d8   3000     movlw   0x00             	MOVLW	0x00
                                           	PAGESEL	__mulint
0000d9   2126     call    0x0126           	CALL	__mulint
                                           	PAGESEL	$
0000da   1283     bcf     0x03, 0x5        	BANKSEL	r0x1026
0000db   00b1     movwf   0x31             	MOVWF	r0x1026
0000dc   087f     movf    0x7f, 0x0        	MOVF	STK00,W
0000dd   00b0     movwf   0x30             	MOVWF	r0x1027
0000de   3ea0     addlw   0xa0             	ADDLW	(_numerosGenerados + 0)
0000df   00b0     movwf   0x30             	MOVWF	r0x1027
0000e0   0831     movf    0x31, 0x0        	MOVF	r0x1026,W
0000e1   1803     btfsc   0x03, 0x0        	BTFSC	STATUS,0
0000e2   0f31     incfsz  0x31, 0x0        	INCFSZ	r0x1026,W
0000e3   3e00     addlw   0x00             	ADDLW	high (_numerosGenerados + 0)
0000e4   00b1     movwf   0x31             	MOVWF	r0x1026
0000e5   0830     movf    0x30, 0x0        	MOVF	r0x1027,W
0000e6   1283     bcf     0x03, 0x5        	BANKSEL	FSR
0000e7   0084     movwf   0x04             	MOVWF	FSR
0000e8   1383     bcf     0x03, 0x7        	BCF	STATUS,7
0000e9   1283     bcf     0x03, 0x5        	BANKSEL	r0x1026
0000ea   1831     btfsc   0x31, 0x0        	BTFSC	r0x1026,0
0000eb   1783     bsf     0x03, 0x7        	BSF	STATUS,7
0000ec   082e     movf    0x2e, 0x0        	MOVF	r0x1024,W
0000ed   1283     bcf     0x03, 0x5        	BANKSEL	INDF
0000ee   0080     movwf   0x00             	MOVWF	INDF
0000ef   0a84     incf    0x04, 0x1        	INCF	FSR,F
0000f0   1283     bcf     0x03, 0x5        	BANKSEL	r0x1025
0000f1   082f     movf    0x2f, 0x0        	MOVF	r0x1025,W
0000f2   1283     bcf     0x03, 0x5        	BANKSEL	INDF
0000f3   0080     movwf   0x00             	MOVWF	INDF
                                           ;	.line	101; "bingo.c"	mostrarNumeroBCD(numero);
0000f4   1283     bcf     0x03, 0x5        	BANKSEL	r0x1024
0000f5   082e     movf    0x2e, 0x0        	MOVF	r0x1024,W
0000f6   00ff     movwf   0x7f             	MOVWF	STK00
0000f7   082f     movf    0x2f, 0x0        	MOVF	r0x1025,W
                                           	PAGESEL	_mostrarNumeroBCD
0000f8   21fa     call    0x01fa           	CALL	_mostrarNumeroBCD
                                           	PAGESEL	$
                                           ;	.line	102; "bingo.c"	delay_ms(2000); // Mostrar el número durante 2 segundos
0000f9   30d0     movlw   0xd0             	MOVLW	0xd0
0000fa   00ff     movwf   0x7f             	MOVWF	STK00
0000fb   3007     movlw   0x07             	MOVLW	0x07
                                           	PAGESEL	_delay_ms
0000fc   2378     call    0x0378           	CALL	_delay_ms
                                           	PAGESEL	$
                                           ;;signed compare: left < lit(0xA=10), size=2, mask=ffff
                                           _00236_DS_:
                                           ;	.line	107; "bingo.c"	if (indiceNumeros >= 10 && contador9 < 3) {
0000fd   1283     bcf     0x03, 0x5        	BANKSEL	_indiceNumeros
0000fe   084b     movf    0x4b, 0x0        	MOVF	(_indiceNumeros + 1),W
0000ff   3e80     addlw   0x80             	ADDLW	0x80
000100   3e80     addlw   0x80             	ADDLW	0x80
000101   1d03     btfss   0x03, 0x2        	BTFSS	STATUS,2
000102   2905     goto    0x0105           	GOTO	_00276_DS_
000103   300a     movlw   0x0a             	MOVLW	0x0a
000104   024a     subwf   0x4a, 0x0        	SUBWF	_indiceNumeros,W
                                           _00276_DS_:
000105   1c03     btfss   0x03, 0x0        	BTFSS	STATUS,0
000106   28a0     goto    0x00a0           	GOTO	_00243_DS_
                                           ;;genSkipc:3307: created from rifx:00000000047A5780
                                           ;;signed compare: left < lit(0x3=3), size=2, mask=ffff
000107   1283     bcf     0x03, 0x5        	BANKSEL	_contador9
000108   084f     movf    0x4f, 0x0        	MOVF	(_contador9 + 1),W
000109   3e80     addlw   0x80             	ADDLW	0x80
00010a   3e80     addlw   0x80             	ADDLW	0x80
00010b   1d03     btfss   0x03, 0x2        	BTFSS	STATUS,2
00010c   290f     goto    0x010f           	GOTO	_00277_DS_
00010d   3003     movlw   0x03             	MOVLW	0x03
00010e   024e     subwf   0x4e, 0x0        	SUBWF	_contador9,W
                                           _00277_DS_:
00010f   1803     btfsc   0x03, 0x0        	BTFSC	STATUS,0
000110   28a0     goto    0x00a0           	GOTO	_00243_DS_
                                           ;;genSkipc:3307: created from rifx:00000000047A5780
                                           ;	.line	108; "bingo.c"	parpadearNumero9();
                                           	PAGESEL	_parpadearNumero9
000111   23e5     call    0x03e5           	CALL	_parpadearNumero9
                                           	PAGESEL	$
                                           ;	.line	109; "bingo.c"	contador9++;
000112   1283     bcf     0x03, 0x5        	BANKSEL	_contador9
000113   0ace     incf    0x4e, 0x1        	INCF	_contador9,F
000114   1903     btfsc   0x03, 0x2        	BTFSC	STATUS,2
000115   0acf     incf    0x4f, 0x1        	INCF	(_contador9 + 1),F
                                           ;;signed compare: left < lit(0x3=3), size=2, mask=ffff
                                           ;	.line	110; "bingo.c"	if (contador9 >= 3) {
000116   084f     movf    0x4f, 0x0        	MOVF	(_contador9 + 1),W
000117   3e80     addlw   0x80             	ADDLW	0x80
000118   3e80     addlw   0x80             	ADDLW	0x80
000119   1d03     btfss   0x03, 0x2        	BTFSS	STATUS,2
00011a   291d     goto    0x011d           	GOTO	_00278_DS_
00011b   3003     movlw   0x03             	MOVLW	0x03
00011c   024e     subwf   0x4e, 0x0        	SUBWF	_contador9,W
                                           _00278_DS_:
00011d   1c03     btfss   0x03, 0x0        	BTFSS	STATUS,0
00011e   28a0     goto    0x00a0           	GOTO	_00243_DS_
                                           ;;genSkipc:3307: created from rifx:00000000047A5780
                                           ;	.line	111; "bingo.c"	delay_ms(1000); // Esperar un poco antes de reiniciar
00011f   30e8     movlw   0xe8             	MOVLW	0xe8
000120   00ff     movwf   0x7f             	MOVWF	STK00
000121   3003     movlw   0x03             	MOVLW	0x03
                                           	PAGESEL	_delay_ms
000122   2378     call    0x0378           	CALL	_delay_ms
                                           	PAGESEL	$
                                           ;	.line	112; "bingo.c"	reiniciarNumerosGenerados();
                                           	PAGESEL	_reiniciarNumerosGenerados
000123   22e3     call    0x02e3           	CALL	_reiniciarNumerosGenerados
                                           	PAGESEL	$
000124   28a0     goto    0x00a0           	GOTO	_00243_DS_
                                           ;	.line	116; "bingo.c"	}
000125   0008     return                   	RETURN	
                                           ; exit point of _main

                                           ;***
                                           ;  pBlock Stats: dbName = C
                                           ;***
                                           ;has an exit
                                           ;functions called:
                                           ;   _mostrarNumeroBCD
                                           ;   _delay_ms
                                           ;   _delay_ms
                                           ;   _mostrarNumeroBCD
                                           ;   _delay_ms
                                           ;   _delay_ms
                                           ;1 compiler assigned register :
                                           ;   STK00
                                           ;; Starting pCode block
                                           S_bingo__parpadearNumero9	code
                                           _parpadearNumero9:
                                           ; 2 exit points
                                           ;	.line	82; "bingo.c"	mostrarNumeroBCD(9);
0003e5   3009     movlw   0x09             	MOVLW	0x09
0003e6   00ff     movwf   0x7f             	MOVWF	STK00
0003e7   3000     movlw   0x00             	MOVLW	0x00
                                           	PAGESEL	_mostrarNumeroBCD
0003e8   21fa     call    0x01fa           	CALL	_mostrarNumeroBCD
                                           	PAGESEL	$
                                           ;	.line	83; "bingo.c"	delay_ms(1000); // Encendido durante 500 ms
0003e9   30e8     movlw   0xe8             	MOVLW	0xe8
0003ea   00ff     movwf   0x7f             	MOVWF	STK00
0003eb   3003     movlw   0x03             	MOVLW	0x03
                                           	PAGESEL	_delay_ms
0003ec   2378     call    0x0378           	CALL	_delay_ms
                                           	PAGESEL	$
                                           ;	.line	84; "bingo.c"	GPIO &= 0xF0;  // Apagar GP0-GP3
0003ed   30f0     movlw   0xf0             	MOVLW	0xf0
0003ee   1283     bcf     0x03, 0x5        	BANKSEL	_GPIO
0003ef   0585     andwf   0x05, 0x1        	ANDWF	_GPIO,F
                                           ;	.line	85; "bingo.c"	delay_ms(500); // Apagado durante 500 ms
0003f0   30f4     movlw   0xf4             	MOVLW	0xf4
0003f1   00ff     movwf   0x7f             	MOVWF	STK00
0003f2   3001     movlw   0x01             	MOVLW	0x01
                                           	PAGESEL	_delay_ms
0003f3   2378     call    0x0378           	CALL	_delay_ms
                                           	PAGESEL	$
                                           ;	.line	86; "bingo.c"	}
0003f4   0008     return                   	RETURN	
                                           ; exit point of _parpadearNumero9

                                           ;***
                                           ;  pBlock Stats: dbName = C
                                           ;***
                                           ;has an exit
                                           ;functions called:
                                           ;   _generarNumeroAleatorio
                                           ;   _numeroYaGenerado
                                           ;   _generarNumeroAleatorio
                                           ;   __mulint
                                           ;   _mostrarNumeroBCD
                                           ;   _delay_ms
                                           ;   _generarNumeroAleatorio
                                           ;   _numeroYaGenerado
                                           ;   _generarNumeroAleatorio
                                           ;   __mulint
                                           ;   _mostrarNumeroBCD
                                           ;   _delay_ms
                                           ;7 compiler assigned registers:
                                           ;   r0x1028
                                           ;   STK00
                                           ;   r0x1029
                                           ;   r0x102A
                                           ;   r0x102B
                                           ;   STK02
                                           ;   STK01
                                           ;; Starting pCode block
                                           S_bingo__generarYMostrarNumeros	code
                                           _generarYMostrarNumeros:
                                           ; 2 exit points
                                           ;	.line	72; "bingo.c"	int numero = generarNumeroAleatorio();
                                           	PAGESEL	_generarNumeroAleatorio
0001aa   23a2     call    0x03a2           	CALL	_generarNumeroAleatorio
                                           	PAGESEL	$
0001ab   1283     bcf     0x03, 0x5        	BANKSEL	r0x1028
0001ac   00ab     movwf   0x2b             	MOVWF	r0x1028
0001ad   087f     movf    0x7f, 0x0        	MOVF	STK00,W
0001ae   00aa     movwf   0x2a             	MOVWF	r0x1029
                                           _00219_DS_:
                                           ;	.line	73; "bingo.c"	while (numeroYaGenerado(numero)) {
0001af   1283     bcf     0x03, 0x5        	BANKSEL	r0x1029
0001b0   082a     movf    0x2a, 0x0        	MOVF	r0x1029,W
0001b1   00ff     movwf   0x7f             	MOVWF	STK00
0001b2   082b     movf    0x2b, 0x0        	MOVF	r0x1028,W
                                           	PAGESEL	_numeroYaGenerado
0001b3   2297     call    0x0297           	CALL	_numeroYaGenerado
                                           	PAGESEL	$
0001b4   1283     bcf     0x03, 0x5        	BANKSEL	r0x102A
0001b5   00ad     movwf   0x2d             	MOVWF	r0x102A
0001b6   087f     movf    0x7f, 0x0        	MOVF	STK00,W
0001b7   00ac     movwf   0x2c             	MOVWF	r0x102B
0001b8   042d     iorwf   0x2d, 0x0        	IORWF	r0x102A,W
0001b9   1903     btfsc   0x03, 0x2        	BTFSC	STATUS,2
0001ba   29c1     goto    0x01c1           	GOTO	_00221_DS_
                                           ;	.line	74; "bingo.c"	numero = generarNumeroAleatorio();
                                           	PAGESEL	_generarNumeroAleatorio
0001bb   23a2     call    0x03a2           	CALL	_generarNumeroAleatorio
                                           	PAGESEL	$
0001bc   1283     bcf     0x03, 0x5        	BANKSEL	r0x1028
0001bd   00ab     movwf   0x2b             	MOVWF	r0x1028
0001be   087f     movf    0x7f, 0x0        	MOVF	STK00,W
0001bf   00aa     movwf   0x2a             	MOVWF	r0x1029
0001c0   29af     goto    0x01af           	GOTO	_00219_DS_
                                           _00221_DS_:
                                           ;	.line	76; "bingo.c"	numerosGenerados[indiceNumeros++] = numero;
0001c1   1283     bcf     0x03, 0x5        	BANKSEL	_indiceNumeros
0001c2   084a     movf    0x4a, 0x0        	MOVF	_indiceNumeros,W
0001c3   1283     bcf     0x03, 0x5        	BANKSEL	r0x102B
0001c4   00ac     movwf   0x2c             	MOVWF	r0x102B
0001c5   1283     bcf     0x03, 0x5        	BANKSEL	_indiceNumeros
0001c6   084b     movf    0x4b, 0x0        	MOVF	(_indiceNumeros + 1),W
0001c7   1283     bcf     0x03, 0x5        	BANKSEL	r0x102A
0001c8   00ad     movwf   0x2d             	MOVWF	r0x102A
0001c9   1283     bcf     0x03, 0x5        	BANKSEL	_indiceNumeros
0001ca   0aca     incf    0x4a, 0x1        	INCF	_indiceNumeros,F
0001cb   1903     btfsc   0x03, 0x2        	BTFSC	STATUS,2
0001cc   0acb     incf    0x4b, 0x1        	INCF	(_indiceNumeros + 1),F
0001cd   1283     bcf     0x03, 0x5        	BANKSEL	r0x102B
0001ce   082c     movf    0x2c, 0x0        	MOVF	r0x102B,W
0001cf   00fd     movwf   0x7d             	MOVWF	STK02
0001d0   082d     movf    0x2d, 0x0        	MOVF	r0x102A,W
0001d1   00fe     movwf   0x7e             	MOVWF	STK01
0001d2   3002     movlw   0x02             	MOVLW	0x02
0001d3   00ff     movwf   0x7f             	MOVWF	STK00
0001d4   3000     movlw   0x00             	MOVLW	0x00
                                           	PAGESEL	__mulint
0001d5   2126     call    0x0126           	CALL	__mulint
                                           	PAGESEL	$
0001d6   1283     bcf     0x03, 0x5        	BANKSEL	r0x102A
0001d7   00ad     movwf   0x2d             	MOVWF	r0x102A
0001d8   087f     movf    0x7f, 0x0        	MOVF	STK00,W
0001d9   00ac     movwf   0x2c             	MOVWF	r0x102B
0001da   3ea0     addlw   0xa0             	ADDLW	(_numerosGenerados + 0)
0001db   00ac     movwf   0x2c             	MOVWF	r0x102B
0001dc   082d     movf    0x2d, 0x0        	MOVF	r0x102A,W
0001dd   1803     btfsc   0x03, 0x0        	BTFSC	STATUS,0
0001de   0f2d     incfsz  0x2d, 0x0        	INCFSZ	r0x102A,W
0001df   3e00     addlw   0x00             	ADDLW	high (_numerosGenerados + 0)
0001e0   00ad     movwf   0x2d             	MOVWF	r0x102A
0001e1   082c     movf    0x2c, 0x0        	MOVF	r0x102B,W
0001e2   1283     bcf     0x03, 0x5        	BANKSEL	FSR
0001e3   0084     movwf   0x04             	MOVWF	FSR
0001e4   1383     bcf     0x03, 0x7        	BCF	STATUS,7
0001e5   1283     bcf     0x03, 0x5        	BANKSEL	r0x102A
0001e6   182d     btfsc   0x2d, 0x0        	BTFSC	r0x102A,0
0001e7   1783     bsf     0x03, 0x7        	BSF	STATUS,7
0001e8   082a     movf    0x2a, 0x0        	MOVF	r0x1029,W
0001e9   1283     bcf     0x03, 0x5        	BANKSEL	INDF
0001ea   0080     movwf   0x00             	MOVWF	INDF
0001eb   0a84     incf    0x04, 0x1        	INCF	FSR,F
0001ec   1283     bcf     0x03, 0x5        	BANKSEL	r0x1028
0001ed   082b     movf    0x2b, 0x0        	MOVF	r0x1028,W
0001ee   1283     bcf     0x03, 0x5        	BANKSEL	INDF
0001ef   0080     movwf   0x00             	MOVWF	INDF
                                           ;	.line	77; "bingo.c"	mostrarNumeroBCD(numero);
0001f0   1283     bcf     0x03, 0x5        	BANKSEL	r0x1029
0001f1   082a     movf    0x2a, 0x0        	MOVF	r0x1029,W
0001f2   00ff     movwf   0x7f             	MOVWF	STK00
0001f3   082b     movf    0x2b, 0x0        	MOVF	r0x1028,W
                                           	PAGESEL	_mostrarNumeroBCD
0001f4   21fa     call    0x01fa           	CALL	_mostrarNumeroBCD
                                           	PAGESEL	$
                                           ;	.line	78; "bingo.c"	delay_ms(1000);
0001f5   30e8     movlw   0xe8             	MOVLW	0xe8
0001f6   00ff     movwf   0x7f             	MOVWF	STK00
0001f7   3003     movlw   0x03             	MOVLW	0x03
                                           	PAGESEL	_delay_ms
0001f8   2378     call    0x0378           	CALL	_delay_ms
                                           	PAGESEL	$
                                           ;	.line	79; "bingo.c"	}
0001f9   0008     return                   	RETURN	
                                           ; exit point of _generarYMostrarNumeros

                                           ;***
                                           ;  pBlock Stats: dbName = C
                                           ;***
                                           ;has an exit
                                           ;6 compiler assigned registers:
                                           ;   r0x101A
                                           ;   r0x101B
                                           ;   r0x101C
                                           ;   r0x101D
                                           ;   r0x101E
                                           ;   r0x101F
                                           ;; Starting pCode block
                                           S_bingo__reiniciarNumerosGenerados	code
                                           _reiniciarNumerosGenerados:
                                           ; 2 exit points
                                           ;	.line	64; "bingo.c"	for (int i = 0; i < 10; i++) {
0002e3   1283     bcf     0x03, 0x5        	BANKSEL	r0x101A
0002e4   01a1     clrf    0x21             	CLRF	r0x101A
0002e5   01a0     clrf    0x20             	CLRF	r0x101B
0002e6   01a2     clrf    0x22             	CLRF	r0x101C
0002e7   01a3     clrf    0x23             	CLRF	r0x101D
                                           ;;signed compare: left < lit(0xA=10), size=2, mask=ffff
                                           _00201_DS_:
0002e8   1283     bcf     0x03, 0x5        	BANKSEL	r0x101B
0002e9   0820     movf    0x20, 0x0        	MOVF	r0x101B,W
0002ea   3e80     addlw   0x80             	ADDLW	0x80
0002eb   3e80     addlw   0x80             	ADDLW	0x80
0002ec   1d03     btfss   0x03, 0x2        	BTFSS	STATUS,2
0002ed   2af0     goto    0x02f0           	GOTO	_00214_DS_
0002ee   300a     movlw   0x0a             	MOVLW	0x0a
0002ef   0221     subwf   0x21, 0x0        	SUBWF	r0x101A,W
                                           _00214_DS_:
0002f0   1803     btfsc   0x03, 0x0        	BTFSC	STATUS,0
0002f1   2b12     goto    0x0312           	GOTO	_00199_DS_
                                           ;;genSkipc:3307: created from rifx:00000000047A5780
                                           ;	.line	65; "bingo.c"	numerosGenerados[i] = -1;
0002f2   1283     bcf     0x03, 0x5        	BANKSEL	r0x101C
0002f3   0822     movf    0x22, 0x0        	MOVF	r0x101C,W
0002f4   3ea0     addlw   0xa0             	ADDLW	(_numerosGenerados + 0)
0002f5   00a4     movwf   0x24             	MOVWF	r0x101E
0002f6   3000     movlw   0x00             	MOVLW	high (_numerosGenerados + 0)
0002f7   00a5     movwf   0x25             	MOVWF	r0x101F
0002f8   0823     movf    0x23, 0x0        	MOVF	r0x101D,W
0002f9   1803     btfsc   0x03, 0x0        	BTFSC	STATUS,0
0002fa   0f23     incfsz  0x23, 0x0        	INCFSZ	r0x101D,W
0002fb   07a5     addwf   0x25, 0x1        	ADDWF	r0x101F,F
0002fc   0824     movf    0x24, 0x0        	MOVF	r0x101E,W
0002fd   1283     bcf     0x03, 0x5        	BANKSEL	FSR
0002fe   0084     movwf   0x04             	MOVWF	FSR
0002ff   1383     bcf     0x03, 0x7        	BCF	STATUS,7
000300   1283     bcf     0x03, 0x5        	BANKSEL	r0x101F
000301   1825     btfsc   0x25, 0x0        	BTFSC	r0x101F,0
000302   1783     bsf     0x03, 0x7        	BSF	STATUS,7
000303   30ff     movlw   0xff             	MOVLW	0xff
000304   1283     bcf     0x03, 0x5        	BANKSEL	INDF
000305   0080     movwf   0x00             	MOVWF	INDF
000306   0a84     incf    0x04, 0x1        	INCF	FSR,F
000307   30ff     movlw   0xff             	MOVLW	0xff
000308   0080     movwf   0x00             	MOVWF	INDF
                                           ;	.line	64; "bingo.c"	for (int i = 0; i < 10; i++) {
000309   3002     movlw   0x02             	MOVLW	0x02
00030a   1283     bcf     0x03, 0x5        	BANKSEL	r0x101C
00030b   07a2     addwf   0x22, 0x1        	ADDWF	r0x101C,F
00030c   1803     btfsc   0x03, 0x0        	BTFSC	STATUS,0
00030d   0aa3     incf    0x23, 0x1        	INCF	r0x101D,F
00030e   0aa1     incf    0x21, 0x1        	INCF	r0x101A,F
00030f   1903     btfsc   0x03, 0x2        	BTFSC	STATUS,2
000310   0aa0     incf    0x20, 0x1        	INCF	r0x101B,F
000311   2ae8     goto    0x02e8           	GOTO	_00201_DS_
                                           _00199_DS_:
                                           ;	.line	67; "bingo.c"	indiceNumeros = 0;
000312   1283     bcf     0x03, 0x5        	BANKSEL	_indiceNumeros
000313   01ca     clrf    0x4a             	CLRF	_indiceNumeros
000314   01cb     clrf    0x4b             	CLRF	(_indiceNumeros + 1)
                                           ;	.line	68; "bingo.c"	contador9 = 0;
000315   1283     bcf     0x03, 0x5        	BANKSEL	_contador9
000316   01ce     clrf    0x4e             	CLRF	_contador9
000317   01cf     clrf    0x4f             	CLRF	(_contador9 + 1)
                                           ;	.line	69; "bingo.c"	}
000318   0008     return                   	RETURN	
                                           ; exit point of _reiniciarNumerosGenerados

                                           ;***
                                           ;  pBlock Stats: dbName = C
                                           ;***
                                           ;has an exit
                                           ;9 compiler assigned registers:
                                           ;   r0x101A
                                           ;   STK00
                                           ;   r0x101B
                                           ;   r0x101C
                                           ;   r0x101D
                                           ;   r0x101E
                                           ;   r0x101F
                                           ;   r0x1020
                                           ;   r0x1021
                                           ;; Starting pCode block
                                           S_bingo__delay_ms	code
                                           _delay_ms:
                                           ; 2 exit points
                                           ;	.line	56; "bingo.c"	void delay_ms(unsigned int milliseconds) {
000378   1283     bcf     0x03, 0x5        	BANKSEL	r0x101A
000379   00a1     movwf   0x21             	MOVWF	r0x101A
00037a   087f     movf    0x7f, 0x0        	MOVF	STK00,W
00037b   00a0     movwf   0x20             	MOVWF	r0x101B
                                           ;	.line	58; "bingo.c"	for (i = 0; i < milliseconds; i++) {
00037c   01a2     clrf    0x22             	CLRF	r0x101C
00037d   01a3     clrf    0x23             	CLRF	r0x101D
                                           _00173_DS_:
00037e   1283     bcf     0x03, 0x5        	BANKSEL	r0x101A
00037f   0821     movf    0x21, 0x0        	MOVF	r0x101A,W
000380   0223     subwf   0x23, 0x0        	SUBWF	r0x101D,W
000381   1d03     btfss   0x03, 0x2        	BTFSS	STATUS,2
000382   2b85     goto    0x0385           	GOTO	_00194_DS_
000383   0820     movf    0x20, 0x0        	MOVF	r0x101B,W
000384   0222     subwf   0x22, 0x0        	SUBWF	r0x101C,W
                                           _00194_DS_:
000385   1803     btfsc   0x03, 0x0        	BTFSC	STATUS,0
000386   2ba1     goto    0x03a1           	GOTO	_00175_DS_
                                           ;;genSkipc:3307: created from rifx:00000000047A5780
                                           ;	.line	59; "bingo.c"	for (j = 0; j < 200; j++) { }
000387   30c8     movlw   0xc8             	MOVLW	0xc8
000388   1283     bcf     0x03, 0x5        	BANKSEL	r0x101E
000389   00a4     movwf   0x24             	MOVWF	r0x101E
00038a   01a5     clrf    0x25             	CLRF	r0x101F
                                           _00171_DS_:
00038b   30ff     movlw   0xff             	MOVLW	0xff
00038c   1283     bcf     0x03, 0x5        	BANKSEL	r0x101E
00038d   0724     addwf   0x24, 0x0        	ADDWF	r0x101E,W
00038e   00a6     movwf   0x26             	MOVWF	r0x1020
00038f   30ff     movlw   0xff             	MOVLW	0xff
000390   00a7     movwf   0x27             	MOVWF	r0x1021
000391   0825     movf    0x25, 0x0        	MOVF	r0x101F,W
000392   1803     btfsc   0x03, 0x0        	BTFSC	STATUS,0
000393   0f25     incfsz  0x25, 0x0        	INCFSZ	r0x101F,W
000394   07a7     addwf   0x27, 0x1        	ADDWF	r0x1021,F
000395   0826     movf    0x26, 0x0        	MOVF	r0x1020,W
000396   00a4     movwf   0x24             	MOVWF	r0x101E
000397   0827     movf    0x27, 0x0        	MOVF	r0x1021,W
000398   00a5     movwf   0x25             	MOVWF	r0x101F
000399   0827     movf    0x27, 0x0        	MOVF	r0x1021,W
00039a   0426     iorwf   0x26, 0x0        	IORWF	r0x1020,W
00039b   1d03     btfss   0x03, 0x2        	BTFSS	STATUS,2
00039c   2b8b     goto    0x038b           	GOTO	_00171_DS_
                                           ;	.line	58; "bingo.c"	for (i = 0; i < milliseconds; i++) {
00039d   0aa2     incf    0x22, 0x1        	INCF	r0x101C,F
00039e   1903     btfsc   0x03, 0x2        	BTFSC	STATUS,2
00039f   0aa3     incf    0x23, 0x1        	INCF	r0x101D,F
0003a0   2b7e     goto    0x037e           	GOTO	_00173_DS_
                                           _00175_DS_:
                                           ;	.line	61; "bingo.c"	}
0003a1   0008     return                   	RETURN	
                                           ; exit point of _delay_ms

                                           ;***
                                           ;  pBlock Stats: dbName = C
                                           ;***
                                           ;has an exit
                                           ;11 compiler assigned registers:
                                           ;   r0x101A
                                           ;   STK00
                                           ;   r0x101B
                                           ;   r0x101C
                                           ;   r0x101D
                                           ;   r0x101E
                                           ;   r0x101F
                                           ;   r0x1020
                                           ;   r0x1021
                                           ;   r0x1022
                                           ;   r0x1023
                                           ;; Starting pCode block
                                           S_bingo__numeroYaGenerado	code
                                           _numeroYaGenerado:
                                           ; 2 exit points
                                           ;	.line	47; "bingo.c"	int numeroYaGenerado(int numero) {
000297   1283     bcf     0x03, 0x5        	BANKSEL	r0x101A
000298   00a1     movwf   0x21             	MOVWF	r0x101A
000299   087f     movf    0x7f, 0x0        	MOVF	STK00,W
00029a   00a0     movwf   0x20             	MOVWF	r0x101B
                                           ;	.line	48; "bingo.c"	for (int i = 0; i < indiceNumeros; i++) {
00029b   01a2     clrf    0x22             	CLRF	r0x101C
00029c   01a3     clrf    0x23             	CLRF	r0x101D
00029d   01a4     clrf    0x24             	CLRF	r0x101E
00029e   01a5     clrf    0x25             	CLRF	r0x101F
                                           _00146_DS_:
00029f   1283     bcf     0x03, 0x5        	BANKSEL	r0x101D
0002a0   0823     movf    0x23, 0x0        	MOVF	r0x101D,W
0002a1   3e80     addlw   0x80             	ADDLW	0x80
0002a2   00a6     movwf   0x26             	MOVWF	r0x1020
0002a3   1283     bcf     0x03, 0x5        	BANKSEL	_indiceNumeros
0002a4   084b     movf    0x4b, 0x0        	MOVF	(_indiceNumeros + 1),W
0002a5   3e80     addlw   0x80             	ADDLW	0x80
0002a6   1283     bcf     0x03, 0x5        	BANKSEL	r0x1020
0002a7   0226     subwf   0x26, 0x0        	SUBWF	r0x1020,W
0002a8   1d03     btfss   0x03, 0x2        	BTFSS	STATUS,2
0002a9   2aae     goto    0x02ae           	GOTO	_00162_DS_
0002aa   1283     bcf     0x03, 0x5        	BANKSEL	_indiceNumeros
0002ab   084a     movf    0x4a, 0x0        	MOVF	_indiceNumeros,W
0002ac   1283     bcf     0x03, 0x5        	BANKSEL	r0x101C
0002ad   0222     subwf   0x22, 0x0        	SUBWF	r0x101C,W
                                           _00162_DS_:
0002ae   1803     btfsc   0x03, 0x0        	BTFSC	STATUS,0
0002af   2adf     goto    0x02df           	GOTO	_00144_DS_
                                           ;;genSkipc:3307: created from rifx:00000000047A5780
                                           ;	.line	49; "bingo.c"	if (numerosGenerados[i] == numero) {
0002b0   1283     bcf     0x03, 0x5        	BANKSEL	r0x101E
0002b1   0824     movf    0x24, 0x0        	MOVF	r0x101E,W
0002b2   3ea0     addlw   0xa0             	ADDLW	(_numerosGenerados + 0)
0002b3   00a6     movwf   0x26             	MOVWF	r0x1020
0002b4   3000     movlw   0x00             	MOVLW	high (_numerosGenerados + 0)
0002b5   00a7     movwf   0x27             	MOVWF	r0x1021
0002b6   0825     movf    0x25, 0x0        	MOVF	r0x101F,W
0002b7   1803     btfsc   0x03, 0x0        	BTFSC	STATUS,0
0002b8   0f25     incfsz  0x25, 0x0        	INCFSZ	r0x101F,W
0002b9   07a7     addwf   0x27, 0x1        	ADDWF	r0x1021,F
0002ba   0826     movf    0x26, 0x0        	MOVF	r0x1020,W
0002bb   1283     bcf     0x03, 0x5        	BANKSEL	FSR
0002bc   0084     movwf   0x04             	MOVWF	FSR
0002bd   1383     bcf     0x03, 0x7        	BCF	STATUS,7
0002be   1283     bcf     0x03, 0x5        	BANKSEL	r0x1021
0002bf   1827     btfsc   0x27, 0x0        	BTFSC	r0x1021,0
0002c0   1783     bsf     0x03, 0x7        	BSF	STATUS,7
0002c1   1283     bcf     0x03, 0x5        	BANKSEL	INDF
0002c2   0800     movf    0x00, 0x0        	MOVF	INDF,W
0002c3   1283     bcf     0x03, 0x5        	BANKSEL	r0x1022
0002c4   00a8     movwf   0x28             	MOVWF	r0x1022
0002c5   1283     bcf     0x03, 0x5        	BANKSEL	FSR
0002c6   0a84     incf    0x04, 0x1        	INCF	FSR,F
0002c7   0800     movf    0x00, 0x0        	MOVF	INDF,W
0002c8   1283     bcf     0x03, 0x5        	BANKSEL	r0x1023
0002c9   00a9     movwf   0x29             	MOVWF	r0x1023
0002ca   0820     movf    0x20, 0x0        	MOVF	r0x101B,W
0002cb   0628     xorwf   0x28, 0x0        	XORWF	r0x1022,W
0002cc   1d03     btfss   0x03, 0x2        	BTFSS	STATUS,2
0002cd   2ad6     goto    0x02d6           	GOTO	_00147_DS_
0002ce   0821     movf    0x21, 0x0        	MOVF	r0x101A,W
0002cf   0629     xorwf   0x29, 0x0        	XORWF	r0x1023,W
0002d0   1d03     btfss   0x03, 0x2        	BTFSS	STATUS,2
0002d1   2ad6     goto    0x02d6           	GOTO	_00147_DS_
                                           ;	.line	50; "bingo.c"	return 1;
0002d2   3001     movlw   0x01             	MOVLW	0x01
0002d3   00ff     movwf   0x7f             	MOVWF	STK00
0002d4   3000     movlw   0x00             	MOVLW	0x00
0002d5   2ae2     goto    0x02e2           	GOTO	_00148_DS_
                                           _00147_DS_:
                                           ;	.line	48; "bingo.c"	for (int i = 0; i < indiceNumeros; i++) {
0002d6   3002     movlw   0x02             	MOVLW	0x02
0002d7   1283     bcf     0x03, 0x5        	BANKSEL	r0x101E
0002d8   07a4     addwf   0x24, 0x1        	ADDWF	r0x101E,F
0002d9   1803     btfsc   0x03, 0x0        	BTFSC	STATUS,0
0002da   0aa5     incf    0x25, 0x1        	INCF	r0x101F,F
0002db   0aa2     incf    0x22, 0x1        	INCF	r0x101C,F
0002dc   1903     btfsc   0x03, 0x2        	BTFSC	STATUS,2
0002dd   0aa3     incf    0x23, 0x1        	INCF	r0x101D,F
0002de   2a9f     goto    0x029f           	GOTO	_00146_DS_
                                           _00144_DS_:
                                           ;	.line	53; "bingo.c"	return 0;
0002df   3000     movlw   0x00             	MOVLW	0x00
0002e0   00ff     movwf   0x7f             	MOVWF	STK00
0002e1   3000     movlw   0x00             	MOVLW	0x00
                                           _00148_DS_:
                                           ;	.line	54; "bingo.c"	}
0002e2   0008     return                   	RETURN	
                                           ; exit point of _numeroYaGenerado

                                           ;***
                                           ;  pBlock Stats: dbName = C
                                           ;***
                                           ;has an exit
                                           ;4 compiler assigned registers:
                                           ;   r0x101A
                                           ;   STK00
                                           ;   r0x101B
                                           ;   r0x101C
                                           ;; Starting pCode block
                                           S_bingo__mostrarNumeroBCD	code
                                           _mostrarNumeroBCD:
                                           ; 2 exit points
                                           ;	.line	28; "bingo.c"	void mostrarNumeroBCD(int numeroBCD) {
0001fa   1283     bcf     0x03, 0x5        	BANKSEL	r0x101A
0001fb   00a1     movwf   0x21             	MOVWF	r0x101A
0001fc   087f     movf    0x7f, 0x0        	MOVF	STK00,W
0001fd   00a0     movwf   0x20             	MOVWF	r0x101B
                                           ;	.line	32; "bingo.c"	GPIO &= 0xF0; // Mantener GP0, GP1, GP2 y GP4 en bajo (0)
0001fe   30f0     movlw   0xf0             	MOVLW	0xf0
0001ff   1283     bcf     0x03, 0x5        	BANKSEL	_GPIO
000200   0585     andwf   0x05, 0x1        	ANDWF	_GPIO,F
                                           ;;signed compare: left < lit(0x0=0), size=2, mask=ffff
                                           ;	.line	34; "bingo.c"	if (numeroBCD >= 0 && numeroBCD <= 9) {
000201   1403     bsf     0x03, 0x0        	BSF	STATUS,0
000202   1283     bcf     0x03, 0x5        	BANKSEL	r0x101A
000203   1fa1     btfss   0x21, 0x7        	BTFSS	r0x101A,7
000204   1003     bcf     0x03, 0x0        	BCF	STATUS,0
000205   1803     btfsc   0x03, 0x0        	BTFSC	STATUS,0
000206   2a49     goto    0x0249           	GOTO	_00118_DS_
                                           ;;genSkipc:3307: created from rifx:00000000047A5780
                                           ;;swapping arguments (AOP_TYPEs 1/2)
                                           ;;signed compare: left >= lit(0xA=10), size=2, mask=ffff
000207   0821     movf    0x21, 0x0        	MOVF	r0x101A,W
000208   3e80     addlw   0x80             	ADDLW	0x80
000209   3e80     addlw   0x80             	ADDLW	0x80
00020a   1d03     btfss   0x03, 0x2        	BTFSS	STATUS,2
00020b   2a0e     goto    0x020e           	GOTO	_00132_DS_
00020c   300a     movlw   0x0a             	MOVLW	0x0a
00020d   0220     subwf   0x20, 0x0        	SUBWF	r0x101B,W
                                           _00132_DS_:
00020e   1803     btfsc   0x03, 0x0        	BTFSC	STATUS,0
00020f   2a49     goto    0x0249           	GOTO	_00118_DS_
                                           ;;genSkipc:3307: created from rifx:00000000047A5780
                                           ;	.line	36; "bingo.c"	GPIO |= (numeroBCD & 0x07); 
000210   1283     bcf     0x03, 0x5        	BANKSEL	r0x101B
000211   0820     movf    0x20, 0x0        	MOVF	r0x101B,W
000212   00a2     movwf   0x22             	MOVWF	r0x101C
000213   3007     movlw   0x07             	MOVLW	0x07
000214   05a2     andwf   0x22, 0x1        	ANDWF	r0x101C,F
000215   0822     movf    0x22, 0x0        	MOVF	r0x101C,W
000216   1283     bcf     0x03, 0x5        	BANKSEL	_GPIO
000217   0485     iorwf   0x05, 0x1        	IORWF	_GPIO,F
                                           ;;signed compare: left < lit(0x8=8), size=2, mask=ffff
                                           ;	.line	39; "bingo.c"	if (numeroBCD >= 8) {
000218   1283     bcf     0x03, 0x5        	BANKSEL	r0x101A
000219   0821     movf    0x21, 0x0        	MOVF	r0x101A,W
00021a   3e80     addlw   0x80             	ADDLW	0x80
00021b   3e80     addlw   0x80             	ADDLW	0x80
00021c   1d03     btfss   0x03, 0x2        	BTFSS	STATUS,2
00021d   2a20     goto    0x0220           	GOTO	_00133_DS_
00021e   3008     movlw   0x08             	MOVLW	0x08
00021f   0220     subwf   0x20, 0x0        	SUBWF	r0x101B,W
                                           _00133_DS_:
000220   1c03     btfss   0x03, 0x0        	BTFSS	STATUS,0
000221   2a49     goto    0x0249           	GOTO	_00118_DS_
                                           ;;genSkipc:3307: created from rifx:00000000047A5780
                                           ;	.line	40; "bingo.c"	GPIO |= (1 << GP4);
000222   1283     bcf     0x03, 0x5        	BANKSEL	r0x101B
000223   01a0     clrf    0x20             	CLRF	r0x101B
000224   1283     bcf     0x03, 0x5        	BANKSEL	_GPIObits
000225   1e05     btfss   0x05, 0x4        	BTFSS	_GPIObits,4
000226   2a29     goto    0x0229           	GOTO	_00002_DS_
000227   1283     bcf     0x03, 0x5        	BANKSEL	r0x101B
000228   0aa0     incf    0x20, 0x1        	INCF	r0x101B,F
                                           _00002_DS_:
000229   1283     bcf     0x03, 0x5        	BANKSEL	r0x101B
00022a   0820     movf    0x20, 0x0        	MOVF	r0x101B,W
00022b   00a1     movwf   0x21             	MOVWF	r0x101A
00022c   3001     movlw   0x01             	MOVLW	0x01
00022d   00a0     movwf   0x20             	MOVWF	r0x101B
00022e   0821     movf    0x21, 0x0        	MOVF	r0x101A,W
00022f   1ba1     btfsc   0x21, 0x7        	BTFSC	r0x101A,7
000230   2a3a     goto    0x023a           	GOTO	_00137_DS_
000231   3c00     sublw   0x00             	SUBLW	0x00
000232   1903     btfsc   0x03, 0x2        	BTFSC	STATUS,2
000233   2a42     goto    0x0242           	GOTO	_00135_DS_
                                           _00134_DS_:
000234   1283     bcf     0x03, 0x5        	BANKSEL	r0x101B
000235   0da0     rlf     0x20, 0x1        	RLF	r0x101B,F
000236   3e01     addlw   0x01             	ADDLW	0x01
000237   1c03     btfss   0x03, 0x0        	BTFSS	STATUS,0
000238   2a34     goto    0x0234           	GOTO	_00134_DS_
000239   2a42     goto    0x0242           	GOTO	_00135_DS_
                                           _00137_DS_:
00023a   1003     bcf     0x03, 0x0        	BCF	STATUS,0
00023b   1283     bcf     0x03, 0x5        	BANKSEL	r0x101B
00023c   1ba0     btfsc   0x20, 0x7        	BTFSC	r0x101B,7
00023d   1403     bsf     0x03, 0x0        	BSF	STATUS,0
00023e   0ca0     rrf     0x20, 0x1        	RRF	r0x101B,F
00023f   3e01     addlw   0x01             	ADDLW	0x01
000240   1c03     btfss   0x03, 0x0        	BTFSS	STATUS,0
000241   2a3a     goto    0x023a           	GOTO	_00137_DS_
                                           _00135_DS_:
000242   1283     bcf     0x03, 0x5        	BANKSEL	_GPIO
000243   0805     movf    0x05, 0x0        	MOVF	_GPIO,W
000244   1283     bcf     0x03, 0x5        	BANKSEL	r0x101A
000245   00a1     movwf   0x21             	MOVWF	r0x101A
000246   0420     iorwf   0x20, 0x0        	IORWF	r0x101B,W
000247   1283     bcf     0x03, 0x5        	BANKSEL	_GPIO
000248   0085     movwf   0x05             	MOVWF	_GPIO
                                           _00118_DS_:
                                           ;	.line	43; "bingo.c"	}
000249   0008     return                   	RETURN	
                                           ; exit point of _mostrarNumeroBCD

                                           ;***
                                           ;  pBlock Stats: dbName = C
                                           ;***
                                           ;has an exit
                                           ;functions called:
                                           ;   __mulint
                                           ;   __moduint
                                           ;   __mulint
                                           ;   __moduint
                                           ;5 compiler assigned registers:
                                           ;   STK02
                                           ;   STK01
                                           ;   STK00
                                           ;   r0x101A
                                           ;   r0x101B
                                           ;; Starting pCode block
                                           S_bingo__generarNumeroAleatorio	code
                                           _generarNumeroAleatorio:
                                           ; 2 exit points
                                           ;	.line	21; "bingo.c"	seed = seed + 1;  // Incrementa la semilla
0003a2   1283     bcf     0x03, 0x5        	BANKSEL	_seed
0003a3   0ad0     incf    0x50, 0x1        	INCF	_seed,F
0003a4   1903     btfsc   0x03, 0x2        	BTFSC	STATUS,2
0003a5   0ad1     incf    0x51, 0x1        	INCF	(_seed + 1),F
                                           ;	.line	22; "bingo.c"	return (seed * 32719 + 3) % 10;  // Genera un número entre 0 y 9
0003a6   0850     movf    0x50, 0x0        	MOVF	_seed,W
0003a7   00fd     movwf   0x7d             	MOVWF	STK02
0003a8   0851     movf    0x51, 0x0        	MOVF	(_seed + 1),W
0003a9   00fe     movwf   0x7e             	MOVWF	STK01
0003aa   30cf     movlw   0xcf             	MOVLW	0xcf
0003ab   00ff     movwf   0x7f             	MOVWF	STK00
0003ac   307f     movlw   0x7f             	MOVLW	0x7f
                                           	PAGESEL	__mulint
0003ad   2126     call    0x0126           	CALL	__mulint
                                           	PAGESEL	$
0003ae   1283     bcf     0x03, 0x5        	BANKSEL	r0x101A
0003af   00a1     movwf   0x21             	MOVWF	r0x101A
0003b0   087f     movf    0x7f, 0x0        	MOVF	STK00,W
0003b1   00a0     movwf   0x20             	MOVWF	r0x101B
0003b2   3003     movlw   0x03             	MOVLW	0x03
0003b3   07a0     addwf   0x20, 0x1        	ADDWF	r0x101B,F
0003b4   1803     btfsc   0x03, 0x0        	BTFSC	STATUS,0
0003b5   0aa1     incf    0x21, 0x1        	INCF	r0x101A,F
0003b6   300a     movlw   0x0a             	MOVLW	0x0a
0003b7   00fd     movwf   0x7d             	MOVWF	STK02
0003b8   3000     movlw   0x00             	MOVLW	0x00
0003b9   00fe     movwf   0x7e             	MOVWF	STK01
0003ba   0820     movf    0x20, 0x0        	MOVF	r0x101B,W
0003bb   00ff     movwf   0x7f             	MOVWF	STK00
0003bc   0821     movf    0x21, 0x0        	MOVF	r0x101A,W
                                           	PAGESEL	__moduint
0003bd   224a     call    0x024a           	CALL	__moduint
                                           	PAGESEL	$
0003be   1283     bcf     0x03, 0x5        	BANKSEL	r0x101A
0003bf   00a1     movwf   0x21             	MOVWF	r0x101A
0003c0   087f     movf    0x7f, 0x0        	MOVF	STK00,W
0003c1   00a0     movwf   0x20             	MOVWF	r0x101B
0003c2   00ff     movwf   0x7f             	MOVWF	STK00
0003c3   0821     movf    0x21, 0x0        	MOVF	r0x101A,W
                                           ;	.line	23; "bingo.c"	}
0003c4   0008     return                   	RETURN	
                                           ; exit point of _generarNumeroAleatorio

                                           ;***
                                           ;  pBlock Stats: dbName = C
                                           ;***
                                           ;has an exit
                                           ;; Starting pCode block
                                           S_bingo__initPIC	code
                                           _initPIC:
                                           ; 2 exit points
                                           ;	.line	15; "bingo.c"	ANSEL = 0x00;
0003f5   1683     bsf     0x03, 0x5        	BANKSEL	_ANSEL
0003f6   019f     clrf    0x1f             	CLRF	_ANSEL
                                           ;	.line	16; "bingo.c"	TRISIO = 0x20;
0003f7   3020     movlw   0x20             	MOVLW	0x20
0003f8   0085     movwf   0x05             	MOVWF	_TRISIO
                                           ;	.line	17; "bingo.c"	GPIO = 0x00;
0003f9   1283     bcf     0x03, 0x5        	BANKSEL	_GPIO
0003fa   0185     clrf    0x05             	CLRF	_GPIO
                                           ;	.line	18; "bingo.c"	}
0003fb   0008     return                   	RETURN	
                                           ; exit point of _initPIC


                                           ;	code size estimation:
                                           ;	  438+  130 =   568 instructions ( 1396 byte)

                                           	end
